<?xml version="1.0" encoding="UTF-8" ?>
<testsuite failures="0" time="11.482" errors="0" skipped="4" tests="4" name="com.tacs.truequeLibre.endpoints.ItemsTest">
  <properties>
[...]
</properties>
  <testcase time="2.863" classname="com.tacs.truequeLibre.endpoints.ItemsTest" name="testDameTodosLosItems">
    <skipped/>
    <system-out>D:\workspace\tacs2014-2c
</system-out>
    <system-err>nov 18, 2014 12:54:14 AM org.glassfish.jersey.server.ApplicationHandler initialize
INFORMACIÓN: Initiating Jersey application, version Jersey: 2.7 2014-03-12 18:11:31...
nov 18, 2014 12:54:16 AM org.glassfish.grizzly.http.server.NetworkListener start
INFORMACIÓN: Started listener bound to [localhost:8080]
nov 18, 2014 12:54:16 AM org.glassfish.grizzly.http.server.HttpServer start
INFORMACIÓN: [HttpServer] Started.
</system-err>
  </testcase>
  <testcase time="2.873" classname="com.tacs.truequeLibre.endpoints.ItemsTest" name="testBorraUnItem">
    <skipped/>
  </testcase>
  <testcase time="2.873" classname="com.tacs.truequeLibre.endpoints.ItemsTest" name="testAgregaUnItem">
    <skipped/>
  </testcase>
  <testcase time="2.873" classname="com.tacs.truequeLibre.endpoints.ItemsTest" name="testDameUnItem">
    <skipped/>
  </testcase>
</testsuite>